<?xml version="1.0" encoding="UTF-8"?>
<!-- Generated by org.testng.reporters.JUnitXMLReporter -->
<testsuite ignored="0" hostname="JarvisLaptop" failures="0" tests="0" name="Test" time="16.267" errors="0" timestamp="2022-03-09T10:34:08 IST">
  <testcase classname="Bcart.validateTitle" name="@AfterTest close" time="0.001">
    <failure type="java.lang.NullPointerException" message="Cannot invoke &amp;quot;org.openqa.selenium.WebDriver.close()&amp;quot; because &amp;quot;this.driver&amp;quot; is null">
      <![CDATA[java.lang.NullPointerException: Cannot invoke "org.openqa.selenium.WebDriver.close()" because "this.driver" is null
at Bcart.validateTitle.close(validateTitle.java:28)
... Removed 24 stack frames]]>
    </failure>
  </testcase> <!-- @AfterTest close -->
</testsuite> <!-- Test -->
